生成启动时间为 2019/5/14 15:43:46。
     1>项目“C:\Users\LY\documents\visual studio 2010\Projects\DataStructure\01 LinkList\01 LinkList.vcxproj”在节点 2 上(build 个目标)。
     1>InitializeBuildStatus:
         正在创建“Debug\01 LinkList.unsuccessfulbuild”，因为已指定“AlwaysCreate”。
       ClCompile:
         C:\Program Files (x86)\Microsoft Visual Studio 10.0\VC\bin\CL.exe /c /ZI /nologo /W3 /WX- /Od /Oy- /D WIN32 /D _DEBUG /D _CONSOLE /D _UNICODE /D UNICODE /Gm /EHsc /RTC1 /MDd /GS /fp:precise /Zc:wchar_t /Zc:forScope /Fo"Debug\\" /Fd"Debug\vc100.pdb" /Gd /TP /analyze- /errorReport:prompt LinkList.cpp
         LinkList.cpp
     1>c:\users\ly\documents\visual studio 2010\projects\datastructure\01 linklist\linklist.cpp(137): warning C4715: “DeleteElem”: 不是所有的控件路径都返回值
       ManifestResourceCompile:
         所有输出均为最新。
       Link:
         C:\Program Files (x86)\Microsoft Visual Studio 10.0\VC\bin\link.exe /ERRORREPORT:PROMPT /OUT:"C:\Users\LY\documents\visual studio 2010\Projects\DataStructure\Debug\01 LinkList.exe" /INCREMENTAL /NOLOGO kernel32.lib user32.lib gdi32.lib winspool.lib comdlg32.lib advapi32.lib shell32.lib ole32.lib oleaut32.lib uuid.lib odbc32.lib odbccp32.lib /MANIFEST /ManifestFile:"Debug\01 LinkList.exe.intermediate.manifest" /MANIFESTUAC:"level='asInvoker' uiAccess='false'" /DEBUG /PDB:"C:\Users\LY\documents\visual studio 2010\Projects\DataStructure\Debug\01 LinkList.pdb" /SUBSYSTEM:CONSOLE /TLBID:1 /DYNAMICBASE /NXCOMPAT /IMPLIB:"C:\Users\LY\documents\visual studio 2010\Projects\DataStructure\Debug\01 LinkList.lib" /MACHINE:X86 "Debug\01 LinkList.exe.embed.manifest.res"
         Debug\LinkList.obj
       Manifest:
         C:\Program Files (x86)\Microsoft SDKs\Windows\v7.0A\bin\mt.exe /nologo /verbose /out:"Debug\01 LinkList.exe.embed.manifest" /manifest "Debug\01 LinkList.exe.intermediate.manifest"
         所有输出均为最新。
       LinkEmbedManifest:
         所有输出均为最新。
         01 LinkList.vcxproj -> C:\Users\LY\documents\visual studio 2010\Projects\DataStructure\Debug\01 LinkList.exe
       FinalizeBuildStatus:
         正在删除文件“Debug\01 LinkList.unsuccessfulbuild”。
         正在对“Debug\01 LinkList.lastbuildstate”执行 Touch 任务。
     1>已完成生成项目“C:\Users\LY\documents\visual studio 2010\Projects\DataStructure\01 LinkList\01 LinkList.vcxproj”(build 个目标)的操作。

生成成功。

已用时间 00:00:01.39
